{
  "stats": {
    "suites": 1,
    "tests": 1,
    "passes": 0,
    "pending": 0,
    "failures": 1,
    "start": "2021-02-15T13:36:54.350Z",
    "end": "2021-02-15T13:37:54.412Z",
    "duration": 60062,
    "testsRegistered": 1,
    "passPercent": 0,
    "pendingPercent": 0,
    "other": 0,
    "hasOther": false,
    "skipped": 0,
    "hasSkipped": false
  },
  "results": [
    {
      "uuid": "1d1f802e-b33f-42f7-85f9-50866354a472",
      "title": "",
      "fullFile": "",
      "file": "",
      "beforeHooks": [],
      "afterHooks": [],
      "tests": [],
      "suites": [
        {
          "uuid": "418429f7-ce76-4e11-8a6b-e2d1f0b427a8",
          "title": "Testing Backend. ",
          "fullFile": "/home/lucifer/Work/WebDev/Newton School/Self/AppointMent-Engine-Fullstack/src/__tests__/server.test.js",
          "file": "/__tests__/server.test.js",
          "beforeHooks": [],
          "afterHooks": [],
          "tests": [
            {
              "title": "Server should details of a given date.",
              "fullTitle": "Testing Backend.  Server should details of a given date.",
              "timedOut": true,
              "duration": 60052,
              "state": "failed",
              "speed": null,
              "pass": false,
              "fail": true,
              "pending": false,
              "context": null,
              "code": "chai.request(server)\n    .get(\"/api/events?date=2021-01-19\")\n    .end((err, res) => {\n        expect(res).to.have.status(200);\n        expect(res.body.length).eq(3);\n    });",
              "err": {
                "message": "Error: Timeout of 60000ms exceeded. For async tests and hooks, ensure \"done()\" is called; if returning a Promise, ensure it resolves. (/home/lucifer/Work/WebDev/Newton School/Self/AppointMent-Engine-Fullstack/src/__tests__/server.test.js)",
                "estack": "Error: Timeout of 60000ms exceeded. For async tests and hooks, ensure \"done()\" is called; if returning a Promise, ensure it resolves. (/home/lucifer/Work/WebDev/Newton School/Self/AppointMent-Engine-Fullstack/src/__tests__/server.test.js)",
                "diff": null
              },
              "uuid": "98eb8878-034c-4c09-8c91-e9249c3e7318",
              "parentUUID": "418429f7-ce76-4e11-8a6b-e2d1f0b427a8",
              "isHook": false,
              "skipped": false
            }
          ],
          "suites": [],
          "passes": [],
          "failures": [
            "98eb8878-034c-4c09-8c91-e9249c3e7318"
          ],
          "pending": [],
          "skipped": [],
          "duration": 60052,
          "root": false,
          "rootEmpty": false,
          "_timeout": 60000
        }
      ],
      "passes": [],
      "failures": [],
      "pending": [],
      "skipped": [],
      "duration": 0,
      "root": true,
      "rootEmpty": true,
      "_timeout": 60000
    }
  ],
  "meta": {
    "mocha": {
      "version": "8.2.1"
    },
    "mochawesome": {
      "options": {
        "quiet": false,
        "reportFilename": "mochawesome",
        "saveHtml": true,
        "saveJson": true,
        "consoleReporter": "spec",
        "useInlineDiffs": false,
        "code": true
      },
      "version": "6.1.1"
    },
    "marge": {
      "options": null,
      "version": "5.1.0"
    }
  }
}